#
# A fatal error has been detected by the Java Runtime Environment:
#
#  EXCEPTION_ACCESS_VIOLATION (0xc0000005) at pc=0x000001f504a40000, pid=7244, tid=11972
#
# JRE version: Java(TM) SE Runtime Environment 18.9 (11.0.10+8) (build 11.0.10+8-LTS-162)
# Java VM: Java HotSpot(TM) 64-Bit Server VM 18.9 (11.0.10+8-LTS-162, mixed mode, tiered, compressed oops, g1 gc, windows-amd64)
# Problematic frame:
# C  0x000001f504a40000
#
# No core dump will be written. Minidumps are not enabled by default on client versions of Windows
#
# If you would like to submit a bug report, please visit:
#   https://bugreport.java.com/bugreport/crash.jsp
#

---------------  S U M M A R Y ------------

Command Line: -javaagent:C:\Program Files\JetBrains\IntelliJ IDEA Community Edition 2020.3.3\lib\idea_rt.jar=64234:C:\Program Files\JetBrains\IntelliJ IDEA Community Edition 2020.3.3\bin -Dfile.encoding=UTF-8 br.application.inviteu.InviteuApplication

Host: Intel(R) Core(TM) i5-7200U CPU @ 2.50GHz, 4 cores, 7G,  Windows 10 , 64 bit Build 19041 (10.0.19041.928)
Time: Tue Apr 20 21:37:44 2021 Hora oficial do Brasil elapsed time: 20.234030 seconds (0d 0h 0m 20s)

---------------  T H R E A D  ---------------

Current thread (0x000001ff2fb6c000):  JavaThread "C2 CompilerThread1" daemon [_thread_in_vm, id=11972, stack(0x0000003d22a00000,0x0000003d22b00000)]


Current CompileTask:
C2:  20234 5458       4       org.springframework.asm.ClassReader::readUTF8 (23 bytes)

Stack: [0x0000003d22a00000,0x0000003d22b00000],  sp=0x0000003d22afd0d8,  free space=1012k
Native frames: (J=compiled Java code, j=interpreted, Vv=VM code, C=native code)
C  0x000001f504a40000


siginfo: EXCEPTION_ACCESS_VIOLATION (0xc0000005), data execution prevention violation at address 0x000001f504a40000


Register to memory mapping:

RIP=0x000001f504a40000 is an unknown value
RAX=0x000001ff1c886100 is at entry_point+1824 in (nmethod*)0x000001ff1c885810
RBX=0x0000003d22afed30 is pointing into the stack for thread: 0x000001ff2fb6c000
RCX=0x000001ff1c886100 is at entry_point+1824 in (nmethod*)0x000001ff1c885810
RDX=0x0000000000000001 is an unknown value
RSP=0x0000003d22afd0d8 is pointing into the stack for thread: 0x000001ff2fb6c000
RBP=0x0000003d22afd210 is pointing into the stack for thread: 0x000001ff2fb6c000
RSI=0x000000000000f000 is an unknown value
RDI=0x0000003d22afd268 is pointing into the stack for thread: 0x000001ff2fb6c000
R8 =0x0 is NULL
R9 =0x000001ff1c886100 is at entry_point+1824 in (nmethod*)0x000001ff1c885810
R10=0x0000003d22afd128 is pointing into the stack for thread: 0x000001ff2fb6c000
R11=0x0 is NULL
R12=0x0000000000000002 is an unknown value
R13=0x0000003d22afecd8 is pointing into the stack for thread: 0x000001ff2fb6c000
R14=0x0 is NULL
R15=0x0 is NULL


Registers:
RAX=0x000001ff1c886100, RBX=0x0000003d22afed30, RCX=0x000001ff1c886100, RDX=0x0000000000000001
RSP=0x0000003d22afd0d8, RBP=0x0000003d22afd210, RSI=0x000000000000f000, RDI=0x0000003d22afd268
R8 =0x0000000000000000, R9 =0x000001ff1c886100, R10=0x0000003d22afd128, R11=0x0000000000000000
R12=0x0000000000000002, R13=0x0000003d22afecd8, R14=0x0000000000000000, R15=0x0000000000000000
RIP=0x000001f504a40000, EFLAGS=0x0000000000010202

Top of Stack: (sp=0x0000003d22afd0d8)
0x0000003d22afd0d8:   00007fff619c9a81 0000003d22afed30
0x0000003d22afd0e8:   000000000000f000 000000000000f000
0x0000003d22afd0f8:   0000003d22afd268 0000000000000000
0x0000003d22afd108:   000001ff2e75e68e 000001ff2e75e6c4
0x0000003d22afd118:   0000000000000000 000001ff1c88613b
0x0000003d22afd128:   0000000000000005 0000003d22afd128
0x0000003d22afd138:   0000000000010000 000001ff1c8859e0
0x0000003d22afd148:   000001ff1c8859e0 000001ff1c8865e0
0x0000003d22afd158:   000001ff1c8859e0 000001ff1c8865d3
0x0000003d22afd168:   000001ff1c8865f4 00007fff61f7ded0
0x0000003d22afd178:   0000003d22afd100 0000000000000000
0x0000003d22afd188:   0000000000000220 0000000000000220
0x0000003d22afd198:   0000000000000000 000001ff1c8859e0
0x0000003d22afd1a8:   ffffffffffffe538 ffffffffffffe540
0x0000003d22afd1b8:   0000000000000000 0000000000000c14
0x0000003d22afd1c8:   0000000000000014 0000003d22afd2e0 

Instructions: (pc=0x000001f504a40000)
0x000001f504a3ffe0:   ?? ?? ?? ?? ?? ?? ?? ?? ?? ?? ?? ?? ?? ?? ?? ??
0x000001f504a3fff0:   ?? ?? ?? ?? ?? ?? ?? ?? ?? ?? ?? ?? ?? ?? ?? ??
0x000001f504a40000:   ?? ?? ?? ?? ?? ?? ?? ?? ?? ?? ?? ?? ?? ?? ?? ??
0x000001f504a40010:   ?? ?? ?? ?? ?? ?? ?? ?? ?? ?? ?? ?? ?? ?? ?? ?? 


Stack slot to memory mapping:
stack at sp + 0 slots: 0x00007fff619c9a81 jvm.dll
stack at sp + 1 slots: 0x0000003d22afed30 is pointing into the stack for thread: 0x000001ff2fb6c000
stack at sp + 2 slots: 0x000000000000f000 is an unknown value
stack at sp + 3 slots: 0x000000000000f000 is an unknown value
stack at sp + 4 slots: 0x0000003d22afd268 is pointing into the stack for thread: 0x000001ff2fb6c000
stack at sp + 5 slots: 0x0 is NULL
stack at sp + 6 slots: 0x000001ff2e75e68e points into unknown readable memory: 0d 64
stack at sp + 7 slots: 0x000001ff2e75e6c4 points into unknown readable memory: ff 01 00 00


---------------  P R O C E S S  ---------------

Threads class SMR info:
_java_thread_list=0x000001ff2c64d610, length=19, elements={
0x000001ff0c5b4800, 0x000001ff2a93c800, 0x000001ff2a946800, 0x000001ff2b2d2800,
0x000001ff2a94e800, 0x000001ff2a952800, 0x000001ff2a97a000, 0x000001ff2b309800,
0x000001ff2a8cc800, 0x000001ff2b43c800, 0x000001ff2b665000, 0x000001ff2bdf1800,
0x000001ff2c2f4000, 0x000001ff2ff00800, 0x000001ff30117800, 0x000001ff3059b800,
0x000001ff2ff73000, 0x000001ff2fc51800, 0x000001ff2fb6c000
}

Java Threads: ( => current thread )
  0x000001ff0c5b4800 JavaThread "main" [_thread_blocked, id=6016, stack(0x0000003d21400000,0x0000003d21500000)]
  0x000001ff2a93c800 JavaThread "Reference Handler" daemon [_thread_blocked, id=12228, stack(0x0000003d21b00000,0x0000003d21c00000)]
  0x000001ff2a946800 JavaThread "Finalizer" daemon [_thread_blocked, id=8004, stack(0x0000003d21c00000,0x0000003d21d00000)]
  0x000001ff2b2d2800 JavaThread "Signal Dispatcher" daemon [_thread_blocked, id=4296, stack(0x0000003d21d00000,0x0000003d21e00000)]
  0x000001ff2a94e800 JavaThread "Attach Listener" daemon [_thread_blocked, id=12400, stack(0x0000003d21e00000,0x0000003d21f00000)]
  0x000001ff2a952800 JavaThread "C2 CompilerThread0" daemon [_thread_in_native, id=10760, stack(0x0000003d21f00000,0x0000003d22000000)]
  0x000001ff2a97a000 JavaThread "C1 CompilerThread0" daemon [_thread_blocked, id=8480, stack(0x0000003d22000000,0x0000003d22100000)]
  0x000001ff2b309800 JavaThread "Sweeper thread" daemon [_thread_blocked, id=8332, stack(0x0000003d22100000,0x0000003d22200000)]
  0x000001ff2a8cc800 JavaThread "Common-Cleaner" daemon [_thread_blocked, id=11152, stack(0x0000003d22200000,0x0000003d22300000)]
  0x000001ff2b43c800 JavaThread "Monitor Ctrl-Break" daemon [_thread_in_native, id=5228, stack(0x0000003d22300000,0x0000003d22400000)]
  0x000001ff2b665000 JavaThread "Service Thread" daemon [_thread_blocked, id=5832, stack(0x0000003d22400000,0x0000003d22500000)]
  0x000001ff2bdf1800 JavaThread "Thread-0" [_thread_blocked, id=6252, stack(0x0000003d22800000,0x0000003d22900000)]
  0x000001ff2c2f4000 JavaThread "restartedMain" [_thread_blocked, id=11604, stack(0x0000003d22900000,0x0000003d22a00000)]
  0x000001ff2ff00800 JavaThread "HikariPool-1 housekeeper" daemon [_thread_blocked, id=4760, stack(0x0000003d22b00000,0x0000003d22c00000)]
  0x000001ff30117800 JavaThread "Catalina-utility-1" [_thread_blocked, id=5024, stack(0x0000003d22e00000,0x0000003d22f00000)]
  0x000001ff3059b800 JavaThread "Catalina-utility-2" [_thread_blocked, id=8184, stack(0x0000003d22f00000,0x0000003d23000000)]
  0x000001ff2ff73000 JavaThread "container-0" [_thread_blocked, id=4224, stack(0x0000003d23000000,0x0000003d23100000)]
  0x000001ff2fc51800 JavaThread "Live Reload Server" daemon [_thread_in_native, id=2912, stack(0x0000003d22d00000,0x0000003d22e00000)]
=>0x000001ff2fb6c000 JavaThread "C2 CompilerThread1" daemon [_thread_in_vm, id=11972, stack(0x0000003d22a00000,0x0000003d22b00000)]

Other Threads:
  0x000001ff2a915000 VMThread "VM Thread" [stack: 0x0000003d21a00000,0x0000003d21b00000] [id=9288]
  0x000001ff2b8f5000 WatcherThread [stack: 0x0000003d22500000,0x0000003d22600000] [id=9984]
  0x000001ff0c5cd000 GCTaskThread "GC Thread#0" [stack: 0x0000003d21500000,0x0000003d21600000] [id=8740]
  0x000001ff2bb1c000 GCTaskThread "GC Thread#1" [stack: 0x0000003d22600000,0x0000003d22700000] [id=5076]
  0x000001ff2c21c800 GCTaskThread "GC Thread#2" [stack: 0x0000003d22700000,0x0000003d22800000] [id=2596]
  0x000001ff2c8b0000 GCTaskThread "GC Thread#3" [stack: 0x0000003d22c00000,0x0000003d22d00000] [id=7836]
  0x000001ff0c5f7800 ConcurrentGCThread "G1 Main Marker" [stack: 0x0000003d21600000,0x0000003d21700000] [id=11848]
  0x000001ff0c5fa000 ConcurrentGCThread "G1 Conc#0" [stack: 0x0000003d21700000,0x0000003d21800000] [id=12060]
  0x000001ff0c68a000 ConcurrentGCThread "G1 Refine#0" [stack: 0x0000003d21800000,0x0000003d21900000] [id=10072]
  0x000001ff0c68b000 ConcurrentGCThread "G1 Young RemSet Sampling" [stack: 0x0000003d21900000,0x0000003d21a00000] [id=6192]

Threads with active compile tasks:
C2 CompilerThread0  20311 5212   !   4       org.springframework.core.annotation.AnnotationsScanner::processMethodHierarchy (276 bytes)
C2 CompilerThread1  20311 5458       4       org.springframework.asm.ClassReader::readUTF8 (23 bytes)

VM state:not at safepoint (normal execution)

VM Mutex/Monitor currently owned by a thread:  ([mutex/lock_event])
[0x000001ff0c5b20f0] CodeCache_lock - owner thread: 0x000001ff2fb6c000
[0x000001ff0c5b3c40] Compile_lock - owner thread: 0x000001ff2fb6c000
[0x000001ff0c5b4270] MethodCompileQueue_lock - owner thread: 0x000001ff2fb6c000

Heap address: 0x0000000081e00000, size: 2018 MB, Compressed Oops mode: 32-bit
Narrow klass base: 0x0000000000000000, Narrow klass shift: 3
Compressed class space size: 1073741824 Address: 0x0000000100000000

Heap:
 garbage-first heap   total 131072K, used 60955K [0x0000000081e00000, 0x0000000100000000)
  region size 1024K, 43 young (44032K), 4 survivors (4096K)
 Metaspace       used 62205K, capacity 63741K, committed 63952K, reserved 1105920K
  class space    used 7865K, capacity 8450K, committed 8576K, reserved 1048576K
Heap Regions: E=young(eden), S=young(survivor), O=old, HS=humongous(starts), HC=humongous(continues), CS=collection set, F=free, A=archive, TAMS=top-at-mark-start (previous, next)
|   0|0x0000000081e00000, 0x0000000081f00000, 0x0000000081f00000|100%|HS|  |TAMS 0x0000000081f00000, 0x0000000081e00000| Complete 
|   1|0x0000000081f00000, 0x0000000082000000, 0x0000000082000000|100%| O|  |TAMS 0x0000000082000000, 0x0000000081f00000| Untracked 
|   2|0x0000000082000000, 0x0000000082100000, 0x0000000082100000|100%| O|  |TAMS 0x0000000082100000, 0x0000000082000000| Untracked 
|   3|0x0000000082100000, 0x0000000082200000, 0x0000000082200000|100%| O|  |TAMS 0x0000000082200000, 0x0000000082100000| Untracked 
|   4|0x0000000082200000, 0x0000000082300000, 0x0000000082300000|100%| O|  |TAMS 0x0000000082300000, 0x0000000082200000| Untracked 
|   5|0x0000000082300000, 0x0000000082400000, 0x0000000082400000|100%| O|  |TAMS 0x0000000082400000, 0x0000000082300000| Untracked 
|   6|0x0000000082400000, 0x0000000082500000, 0x0000000082500000|100%| O|  |TAMS 0x0000000082500000, 0x0000000082400000| Untracked 
|   7|0x0000000082500000, 0x0000000082600000, 0x0000000082600000|100%| O|  |TAMS 0x0000000082600000, 0x0000000082500000| Untracked 
|   8|0x0000000082600000, 0x0000000082700000, 0x0000000082700000|100%| O|  |TAMS 0x0000000082700000, 0x0000000082600000| Untracked 
|   9|0x0000000082700000, 0x0000000082800000, 0x0000000082800000|100%| O|  |TAMS 0x0000000082800000, 0x0000000082700000| Untracked 
|  10|0x0000000082800000, 0x0000000082900000, 0x0000000082900000|100%| O|  |TAMS 0x0000000082900000, 0x0000000082800000| Untracked 
|  11|0x0000000082900000, 0x0000000082a00000, 0x0000000082a00000|100%| O|  |TAMS 0x0000000082a00000, 0x0000000082900000| Untracked 
|  12|0x0000000082a00000, 0x0000000082b00000, 0x0000000082b00000|100%| O|  |TAMS 0x0000000082b00000, 0x0000000082a00000| Untracked 
|  13|0x0000000082b00000, 0x0000000082c00000, 0x0000000082c00000|100%| O|  |TAMS 0x0000000082c00000, 0x0000000082b00000| Untracked 
|  14|0x0000000082c00000, 0x0000000082d00000, 0x0000000082d00000|100%| O|  |TAMS 0x0000000082d00000, 0x0000000082c00000| Untracked 
|  15|0x0000000082d00000, 0x0000000082e00000, 0x0000000082e00000|100%| O|  |TAMS 0x0000000082e00000, 0x0000000082d00000| Untracked 
|  16|0x0000000082e00000, 0x0000000082f00000, 0x0000000082f00000|100%| O|  |TAMS 0x0000000082f00000, 0x0000000082e00000| Untracked 
|  17|0x0000000082f00000, 0x0000000082f86c00, 0x0000000083000000| 52%| O|  |TAMS 0x0000000082f86c00, 0x0000000082f00000| Untracked 
|  18|0x0000000083000000, 0x0000000083000000, 0x0000000083100000|  0%| F|  |TAMS 0x0000000083000000, 0x0000000083000000| Untracked 
|  19|0x0000000083100000, 0x0000000083100000, 0x0000000083200000|  0%| F|  |TAMS 0x0000000083100000, 0x0000000083100000| Untracked 
|  20|0x0000000083200000, 0x0000000083200000, 0x0000000083300000|  0%| F|  |TAMS 0x0000000083200000, 0x0000000083200000| Untracked 
|  21|0x0000000083300000, 0x0000000083300000, 0x0000000083400000|  0%| F|  |TAMS 0x0000000083300000, 0x0000000083300000| Untracked 
|  22|0x0000000083400000, 0x0000000083400000, 0x0000000083500000|  0%| F|  |TAMS 0x0000000083400000, 0x0000000083400000| Untracked 
|  23|0x0000000083500000, 0x0000000083500000, 0x0000000083600000|  0%| F|  |TAMS 0x0000000083500000, 0x0000000083500000| Untracked 
|  24|0x0000000083600000, 0x0000000083600000, 0x0000000083700000|  0%| F|  |TAMS 0x0000000083600000, 0x0000000083600000| Untracked 
|  25|0x0000000083700000, 0x0000000083700000, 0x0000000083800000|  0%| F|  |TAMS 0x0000000083700000, 0x0000000083700000| Untracked 
|  26|0x0000000083800000, 0x0000000083800000, 0x0000000083900000|  0%| F|  |TAMS 0x0000000083800000, 0x0000000083800000| Untracked 
|  27|0x0000000083900000, 0x0000000083900000, 0x0000000083a00000|  0%| F|  |TAMS 0x0000000083900000, 0x0000000083900000| Untracked 
|  28|0x0000000083a00000, 0x0000000083a00000, 0x0000000083b00000|  0%| F|  |TAMS 0x0000000083a00000, 0x0000000083a00000| Untracked 
|  29|0x0000000083b00000, 0x0000000083b00000, 0x0000000083c00000|  0%| F|  |TAMS 0x0000000083b00000, 0x0000000083b00000| Untracked 
|  30|0x0000000083c00000, 0x0000000083c00000, 0x0000000083d00000|  0%| F|  |TAMS 0x0000000083c00000, 0x0000000083c00000| Untracked 
|  31|0x0000000083d00000, 0x0000000083d00000, 0x0000000083e00000|  0%| F|  |TAMS 0x0000000083d00000, 0x0000000083d00000| Untracked 
|  32|0x0000000083e00000, 0x0000000083e00000, 0x0000000083f00000|  0%| F|  |TAMS 0x0000000083e00000, 0x0000000083e00000| Untracked 
|  33|0x0000000083f00000, 0x0000000083f00000, 0x0000000084000000|  0%| F|  |TAMS 0x0000000083f00000, 0x0000000083f00000| Untracked 
|  34|0x0000000084000000, 0x0000000084000000, 0x0000000084100000|  0%| F|  |TAMS 0x0000000084000000, 0x0000000084000000| Untracked 
|  35|0x0000000084100000, 0x0000000084100000, 0x0000000084200000|  0%| F|  |TAMS 0x0000000084100000, 0x0000000084100000| Untracked 
|  36|0x0000000084200000, 0x0000000084200000, 0x0000000084300000|  0%| F|  |TAMS 0x0000000084200000, 0x0000000084200000| Untracked 
|  37|0x0000000084300000, 0x0000000084300000, 0x0000000084400000|  0%| F|  |TAMS 0x0000000084300000, 0x0000000084300000| Untracked 
|  38|0x0000000084400000, 0x0000000084400000, 0x0000000084500000|  0%| F|  |TAMS 0x0000000084400000, 0x0000000084400000| Untracked 
|  39|0x0000000084500000, 0x0000000084500000, 0x0000000084600000|  0%| F|  |TAMS 0x0000000084500000, 0x0000000084500000| Untracked 
|  40|0x0000000084600000, 0x0000000084600000, 0x0000000084700000|  0%| F|  |TAMS 0x0000000084600000, 0x0000000084600000| Untracked 
|  41|0x0000000084700000, 0x0000000084700000, 0x0000000084800000|  0%| F|  |TAMS 0x0000000084700000, 0x0000000084700000| Untracked 
|  42|0x0000000084800000, 0x0000000084800000, 0x0000000084900000|  0%| F|  |TAMS 0x0000000084800000, 0x0000000084800000| Untracked 
|  43|0x0000000084900000, 0x0000000084900000, 0x0000000084a00000|  0%| F|  |TAMS 0x0000000084900000, 0x0000000084900000| Untracked 
|  44|0x0000000084a00000, 0x0000000084a00000, 0x0000000084b00000|  0%| F|  |TAMS 0x0000000084a00000, 0x0000000084a00000| Untracked 
|  45|0x0000000084b00000, 0x0000000084b00000, 0x0000000084c00000|  0%| F|  |TAMS 0x0000000084b00000, 0x0000000084b00000| Untracked 
|  46|0x0000000084c00000, 0x0000000084c00000, 0x0000000084d00000|  0%| F|  |TAMS 0x0000000084c00000, 0x0000000084c00000| Untracked 
|  47|0x0000000084d00000, 0x0000000084d00000, 0x0000000084e00000|  0%| F|  |TAMS 0x0000000084d00000, 0x0000000084d00000| Untracked 
|  48|0x0000000084e00000, 0x0000000084e00000, 0x0000000084f00000|  0%| F|  |TAMS 0x0000000084e00000, 0x0000000084e00000| Untracked 
|  49|0x0000000084f00000, 0x0000000084f00000, 0x0000000085000000|  0%| F|  |TAMS 0x0000000084f00000, 0x0000000084f00000| Untracked 
|  50|0x0000000085000000, 0x0000000085000000, 0x0000000085100000|  0%| F|  |TAMS 0x0000000085000000, 0x0000000085000000| Untracked 
|  51|0x0000000085100000, 0x0000000085100000, 0x0000000085200000|  0%| F|  |TAMS 0x0000000085100000, 0x0000000085100000| Untracked 
|  52|0x0000000085200000, 0x0000000085200000, 0x0000000085300000|  0%| F|  |TAMS 0x0000000085200000, 0x0000000085200000| Untracked 
|  53|0x0000000085300000, 0x0000000085300000, 0x0000000085400000|  0%| F|  |TAMS 0x0000000085300000, 0x0000000085300000| Untracked 
|  54|0x0000000085400000, 0x0000000085400000, 0x0000000085500000|  0%| F|  |TAMS 0x0000000085400000, 0x0000000085400000| Untracked 
|  55|0x0000000085500000, 0x0000000085500000, 0x0000000085600000|  0%| F|  |TAMS 0x0000000085500000, 0x0000000085500000| Untracked 
|  56|0x0000000085600000, 0x0000000085600000, 0x0000000085700000|  0%| F|  |TAMS 0x0000000085600000, 0x0000000085600000| Untracked 
|  57|0x0000000085700000, 0x0000000085700000, 0x0000000085800000|  0%| F|  |TAMS 0x0000000085700000, 0x0000000085700000| Untracked 
|  58|0x0000000085800000, 0x0000000085800000, 0x0000000085900000|  0%| F|  |TAMS 0x0000000085800000, 0x0000000085800000| Untracked 
|  59|0x0000000085900000, 0x0000000085900000, 0x0000000085a00000|  0%| F|  |TAMS 0x0000000085900000, 0x0000000085900000| Untracked 
|  60|0x0000000085a00000, 0x0000000085a00000, 0x0000000085b00000|  0%| F|  |TAMS 0x0000000085a00000, 0x0000000085a00000| Untracked 
|  61|0x0000000085b00000, 0x0000000085b00000, 0x0000000085c00000|  0%| F|  |TAMS 0x0000000085b00000, 0x0000000085b00000| Untracked 
|  62|0x0000000085c00000, 0x0000000085c00000, 0x0000000085d00000|  0%| F|  |TAMS 0x0000000085c00000, 0x0000000085c00000| Untracked 
|  63|0x0000000085d00000, 0x0000000085d00000, 0x0000000085e00000|  0%| F|  |TAMS 0x0000000085d00000, 0x0000000085d00000| Untracked 
|  64|0x0000000085e00000, 0x0000000085e00000, 0x0000000085f00000|  0%| F|  |TAMS 0x0000000085e00000, 0x0000000085e00000| Untracked 
|  65|0x0000000085f00000, 0x0000000085f00000, 0x0000000086000000|  0%| F|  |TAMS 0x0000000085f00000, 0x0000000085f00000| Untracked 
|  66|0x0000000086000000, 0x0000000086000000, 0x0000000086100000|  0%| F|  |TAMS 0x0000000086000000, 0x0000000086000000| Untracked 
|  67|0x0000000086100000, 0x0000000086100000, 0x0000000086200000|  0%| F|  |TAMS 0x0000000086100000, 0x0000000086100000| Untracked 
|  68|0x0000000086200000, 0x0000000086200000, 0x0000000086300000|  0%| F|  |TAMS 0x0000000086200000, 0x0000000086200000| Untracked 
|  69|0x0000000086300000, 0x0000000086300000, 0x0000000086400000|  0%| F|  |TAMS 0x0000000086300000, 0x0000000086300000| Untracked 
|  70|0x0000000086400000, 0x0000000086400000, 0x0000000086500000|  0%| F|  |TAMS 0x0000000086400000, 0x0000000086400000| Untracked 
|  71|0x0000000086500000, 0x0000000086500000, 0x0000000086600000|  0%| F|  |TAMS 0x0000000086500000, 0x0000000086500000| Untracked 
|  72|0x0000000086600000, 0x0000000086600000, 0x0000000086700000|  0%| F|  |TAMS 0x0000000086600000, 0x0000000086600000| Untracked 
|  73|0x0000000086700000, 0x0000000086700000, 0x0000000086800000|  0%| F|  |TAMS 0x0000000086700000, 0x0000000086700000| Untracked 
|  74|0x0000000086800000, 0x0000000086800000, 0x0000000086900000|  0%| F|  |TAMS 0x0000000086800000, 0x0000000086800000| Untracked 
|  75|0x0000000086900000, 0x0000000086900000, 0x0000000086a00000|  0%| F|  |TAMS 0x0000000086900000, 0x0000000086900000| Untracked 
|  76|0x0000000086a00000, 0x0000000086a00000, 0x0000000086b00000|  0%| F|  |TAMS 0x0000000086a00000, 0x0000000086a00000| Untracked 
|  77|0x0000000086b00000, 0x0000000086b00000, 0x0000000086c00000|  0%| F|  |TAMS 0x0000000086b00000, 0x0000000086b00000| Untracked 
|  78|0x0000000086c00000, 0x0000000086c00000, 0x0000000086d00000|  0%| F|  |TAMS 0x0000000086c00000, 0x0000000086c00000| Untracked 
|  79|0x0000000086d00000, 0x0000000086d00000, 0x0000000086e00000|  0%| F|  |TAMS 0x0000000086d00000, 0x0000000086d00000| Untracked 
|  80|0x0000000086e00000, 0x0000000086e00000, 0x0000000086f00000|  0%| F|  |TAMS 0x0000000086e00000, 0x0000000086e00000| Untracked 
|  81|0x0000000086f00000, 0x0000000086f00000, 0x0000000087000000|  0%| F|  |TAMS 0x0000000086f00000, 0x0000000086f00000| Untracked 
|  82|0x0000000087000000, 0x0000000087000000, 0x0000000087100000|  0%| F|  |TAMS 0x0000000087000000, 0x0000000087000000| Untracked 
|  83|0x0000000087100000, 0x0000000087100000, 0x0000000087200000|  0%| F|  |TAMS 0x0000000087100000, 0x0000000087100000| Untracked 
|  84|0x0000000087200000, 0x0000000087200000, 0x0000000087300000|  0%| F|  |TAMS 0x0000000087200000, 0x0000000087200000| Untracked 
|  85|0x0000000087300000, 0x0000000087380800, 0x0000000087400000| 50%| E|  |TAMS 0x0000000087300000, 0x0000000087300000| Complete 
|  86|0x0000000087400000, 0x0000000087500000, 0x0000000087500000|100%| E|CS|TAMS 0x0000000087400000, 0x0000000087400000| Complete 
|  87|0x0000000087500000, 0x0000000087600000, 0x0000000087600000|100%| E|CS|TAMS 0x0000000087500000, 0x0000000087500000| Complete 
|  88|0x0000000087600000, 0x0000000087700000, 0x0000000087700000|100%| E|CS|TAMS 0x0000000087600000, 0x0000000087600000| Complete 
|  89|0x0000000087700000, 0x0000000087800000, 0x0000000087800000|100%| E|CS|TAMS 0x0000000087700000, 0x0000000087700000| Complete 
|  90|0x0000000087800000, 0x0000000087900000, 0x0000000087900000|100%| E|CS|TAMS 0x0000000087800000, 0x0000000087800000| Complete 
|  91|0x0000000087900000, 0x0000000087a00000, 0x0000000087a00000|100%| E|CS|TAMS 0x0000000087900000, 0x0000000087900000| Complete 
|  92|0x0000000087a00000, 0x0000000087b00000, 0x0000000087b00000|100%| E|CS|TAMS 0x0000000087a00000, 0x0000000087a00000| Complete 
|  93|0x0000000087b00000, 0x0000000087c00000, 0x0000000087c00000|100%| E|CS|TAMS 0x0000000087b00000, 0x0000000087b00000| Complete 
|  94|0x0000000087c00000, 0x0000000087d00000, 0x0000000087d00000|100%| E|CS|TAMS 0x0000000087c00000, 0x0000000087c00000| Complete 
|  95|0x0000000087d00000, 0x0000000087e00000, 0x0000000087e00000|100%| E|CS|TAMS 0x0000000087d00000, 0x0000000087d00000| Complete 
|  96|0x0000000087e00000, 0x0000000087f00000, 0x0000000087f00000|100%| E|CS|TAMS 0x0000000087e00000, 0x0000000087e00000| Complete 
|  97|0x0000000087f00000, 0x0000000088000000, 0x0000000088000000|100%| E|CS|TAMS 0x0000000087f00000, 0x0000000087f00000| Complete 
|  98|0x0000000088000000, 0x0000000088100000, 0x0000000088100000|100%| E|CS|TAMS 0x0000000088000000, 0x0000000088000000| Complete 
|  99|0x0000000088100000, 0x0000000088200000, 0x0000000088200000|100%| E|CS|TAMS 0x0000000088100000, 0x0000000088100000| Complete 
| 100|0x0000000088200000, 0x0000000088300000, 0x0000000088300000|100%| E|CS|TAMS 0x0000000088200000, 0x0000000088200000| Complete 
| 101|0x0000000088300000, 0x0000000088400000, 0x0000000088400000|100%| E|CS|TAMS 0x0000000088300000, 0x0000000088300000| Complete 
| 102|0x0000000088400000, 0x0000000088500000, 0x0000000088500000|100%| E|CS|TAMS 0x0000000088400000, 0x0000000088400000| Complete 
| 103|0x0000000088500000, 0x0000000088600000, 0x0000000088600000|100%| E|CS|TAMS 0x0000000088500000, 0x0000000088500000| Complete 
| 104|0x0000000088600000, 0x0000000088700000, 0x0000000088700000|100%| E|CS|TAMS 0x0000000088600000, 0x0000000088600000| Complete 
| 105|0x0000000088700000, 0x0000000088800000, 0x0000000088800000|100%| E|CS|TAMS 0x0000000088700000, 0x0000000088700000| Complete 
| 106|0x0000000088800000, 0x0000000088900000, 0x0000000088900000|100%| E|CS|TAMS 0x0000000088800000, 0x0000000088800000| Complete 
| 107|0x0000000088900000, 0x0000000088a00000, 0x0000000088a00000|100%| E|CS|TAMS 0x0000000088900000, 0x0000000088900000| Complete 
| 108|0x0000000088a00000, 0x0000000088b00000, 0x0000000088b00000|100%| E|CS|TAMS 0x0000000088a00000, 0x0000000088a00000| Complete 
| 109|0x0000000088b00000, 0x0000000088c00000, 0x0000000088c00000|100%| E|CS|TAMS 0x0000000088b00000, 0x0000000088b00000| Complete 
| 110|0x0000000088c00000, 0x0000000088d00000, 0x0000000088d00000|100%| E|CS|TAMS 0x0000000088c00000, 0x0000000088c00000| Complete 
| 111|0x0000000088d00000, 0x0000000088e00000, 0x0000000088e00000|100%| E|CS|TAMS 0x0000000088d00000, 0x0000000088d00000| Complete 
| 112|0x0000000088e00000, 0x0000000088f00000, 0x0000000088f00000|100%| E|CS|TAMS 0x0000000088e00000, 0x0000000088e00000| Complete 
| 113|0x0000000088f00000, 0x0000000089000000, 0x0000000089000000|100%| E|CS|TAMS 0x0000000088f00000, 0x0000000088f00000| Complete 
| 114|0x0000000089000000, 0x0000000089100000, 0x0000000089100000|100%| E|CS|TAMS 0x0000000089000000, 0x0000000089000000| Complete 
| 115|0x0000000089100000, 0x0000000089200000, 0x0000000089200000|100%| E|CS|TAMS 0x0000000089100000, 0x0000000089100000| Complete 
| 116|0x0000000089200000, 0x0000000089300000, 0x0000000089300000|100%| E|CS|TAMS 0x0000000089200000, 0x0000000089200000| Complete 
| 117|0x0000000089300000, 0x0000000089400000, 0x0000000089400000|100%| E|CS|TAMS 0x0000000089300000, 0x0000000089300000| Complete 
| 118|0x0000000089400000, 0x0000000089500000, 0x0000000089500000|100%| E|CS|TAMS 0x0000000089400000, 0x0000000089400000| Complete 
| 119|0x0000000089500000, 0x0000000089600000, 0x0000000089600000|100%| E|CS|TAMS 0x0000000089500000, 0x0000000089500000| Complete 
| 120|0x0000000089600000, 0x0000000089700000, 0x0000000089700000|100%| E|CS|TAMS 0x0000000089600000, 0x0000000089600000| Complete 
| 121|0x0000000089700000, 0x0000000089800000, 0x0000000089800000|100%| S|CS|TAMS 0x0000000089700000, 0x0000000089700000| Complete 
| 122|0x0000000089800000, 0x0000000089900000, 0x0000000089900000|100%| S|CS|TAMS 0x0000000089800000, 0x0000000089800000| Complete 
| 123|0x0000000089900000, 0x0000000089a00000, 0x0000000089a00000|100%| S|CS|TAMS 0x0000000089900000, 0x0000000089900000| Complete 
| 124|0x0000000089a00000, 0x0000000089b00000, 0x0000000089b00000|100%| S|CS|TAMS 0x0000000089a00000, 0x0000000089a00000| Complete 
| 125|0x0000000089b00000, 0x0000000089c00000, 0x0000000089c00000|100%| E|CS|TAMS 0x0000000089b00000, 0x0000000089b00000| Complete 
| 126|0x0000000089c00000, 0x0000000089d00000, 0x0000000089d00000|100%| E|CS|TAMS 0x0000000089c00000, 0x0000000089c00000| Complete 
| 127|0x0000000089d00000, 0x0000000089e00000, 0x0000000089e00000|100%| E|CS|TAMS 0x0000000089d00000, 0x0000000089d00000| Complete 

Card table byte_map: [0x000001ff23e40000,0x000001ff24240000] _byte_map_base: 0x000001ff23a31000

Marking Bits (Prev, Next): (CMBitMap*) 0x000001ff0c5eee80, (CMBitMap*) 0x000001ff0c5eee48
 Prev Bits: [0x000001ff265d0000, 0x000001ff28558000)
 Next Bits: [0x000001ff24640000, 0x000001ff265c8000)

Polling page: 0x000001ff0a3c0000

Metaspace:

Usage:
  Non-class:     54.00 MB capacity,    53.07 MB ( 98%) used,   764.15 KB (  1%) free+waste,   186.63 KB ( <1%) overhead. 
      Class:      8.25 MB capacity,     7.68 MB ( 93%) used,   497.87 KB (  6%) free+waste,    86.63 KB (  1%) overhead. 
       Both:     62.25 MB capacity,    60.75 MB ( 98%) used,     1.23 MB (  2%) free+waste,   273.25 KB ( <1%) overhead. 

Virtual space:
  Non-class space:       56.00 MB reserved,      54.08 MB ( 97%) committed 
      Class space:        1.00 GB reserved,       8.38 MB ( <1%) committed 
             Both:        1.05 GB reserved,      62.45 MB (  6%) committed 

Chunk freelists:
   Non-Class:  2.63 KB
       Class:  0 bytes
        Both:  2.63 KB

CodeHeap 'non-profiled nmethods': size=120064Kb used=3611Kb max_used=3611Kb free=116452Kb
 bounds [0x000001ff1c500000, 0x000001ff1c890000, 0x000001ff23a40000]
CodeHeap 'profiled nmethods': size=120000Kb used=12177Kb max_used=12177Kb free=107822Kb
 bounds [0x000001ff14fd0000, 0x000001ff15bc0000, 0x000001ff1c500000]
CodeHeap 'non-nmethods': size=5696Kb used=1235Kb max_used=1285Kb free=4460Kb
 bounds [0x000001ff14a40000, 0x000001ff14cb0000, 0x000001ff14fd0000]
 total_blobs=6008 nmethods=5417 adapters=498
 compilation: enabled
              stopped_count=0, restarted_count=0
 full_count=0

Compilation events (10 events):
Event: 20.064 Thread 0x000001ff2a97a000 5456       2       org.springframework.asm.ClassReader::readLabel (34 bytes)
Event: 20.064 Thread 0x000001ff2a97a000 nmethod 5456 0x000001ff15ba2b10 code [0x000001ff15ba2cc0, 0x000001ff15ba2f98]
Event: 20.065 Thread 0x000001ff2a97a000 5457       2       org.springframework.asm.ClassReader::readCode (5105 bytes)
Event: 20.087 Thread 0x000001ff2a97a000 nmethod 5457 0x000001ff15ba3110 code [0x000001ff15ba3c40, 0x000001ff15bab088]
Event: 20.087 Thread 0x000001ff2a97a000 5459       2       org.springframework.core.LocalVariableTableParameterNameDiscoverer$LocalVariableTableVisitor::visitLocalVariable (45 bytes)
Event: 20.087 Thread 0x000001ff2a97a000 nmethod 5459 0x000001ff15bb2410 code [0x000001ff15bb25c0, 0x000001ff15bb2818]
Event: 20.087 Thread 0x000001ff2a97a000 5460       2       org.springframework.asm.Type::getArgumentTypes (154 bytes)
Event: 20.090 Thread 0x000001ff2a97a000 nmethod 5460 0x000001ff15bb2990 code [0x000001ff15bb2c80, 0x000001ff15bb3ca8]
Event: 20.172 Thread 0x000001ff2fb6c000 nmethod 5413 0x000001ff1c880010 code [0x000001ff1c880500, 0x000001ff1c883708]
Event: 20.172 Thread 0x000001ff2fb6c000 5458       4       org.springframework.asm.ClassReader::readUTF8 (23 bytes)

GC Heap History (10 events):
Event: 9.932 GC heap before
{Heap before GC invocations=8 (full 0):
 garbage-first heap   total 131072K, used 39142K [0x0000000081e00000, 0x0000000100000000)
  region size 1024K, 34 young (34816K), 7 survivors (7168K)
 Metaspace       used 34658K, capacity 35750K, committed 35920K, reserved 1081344K
  class space    used 4066K, capacity 4529K, committed 4608K, reserved 1048576K
}
Event: 9.944 GC heap after
{Heap after GC invocations=9 (full 0):
 garbage-first heap   total 131072K, used 14490K [0x0000000081e00000, 0x0000000100000000)
  region size 1024K, 6 young (6144K), 6 survivors (6144K)
 Metaspace       used 34658K, capacity 35750K, committed 35920K, reserved 1081344K
  class space    used 4066K, capacity 4529K, committed 4608K, reserved 1048576K
}
Event: 10.404 GC heap before
{Heap before GC invocations=10 (full 0):
 garbage-first heap   total 131072K, used 85146K [0x0000000081e00000, 0x0000000100000000)
  region size 1024K, 76 young (77824K), 6 survivors (6144K)
 Metaspace       used 35813K, capacity 37003K, committed 37328K, reserved 1081344K
  class space    used 4189K, capacity 4669K, committed 4736K, reserved 1048576K
}
Event: 10.414 GC heap after
{Heap after GC invocations=11 (full 0):
 garbage-first heap   total 131072K, used 15614K [0x0000000081e00000, 0x0000000100000000)
  region size 1024K, 6 young (6144K), 6 survivors (6144K)
 Metaspace       used 35813K, capacity 37003K, committed 37328K, reserved 1081344K
  class space    used 4189K, capacity 4669K, committed 4736K, reserved 1048576K
}
Event: 14.534 GC heap before
{Heap before GC invocations=11 (full 0):
 garbage-first heap   total 131072K, used 86270K [0x0000000081e00000, 0x0000000100000000)
  region size 1024K, 76 young (77824K), 6 survivors (6144K)
 Metaspace       used 46240K, capacity 47426K, committed 47696K, reserved 1091584K
  class space    used 5638K, capacity 6092K, committed 6144K, reserved 1048576K
}
Event: 14.544 GC heap after
{Heap after GC invocations=12 (full 0):
 garbage-first heap   total 131072K, used 18068K [0x0000000081e00000, 0x0000000100000000)
  region size 1024K, 6 young (6144K), 6 survivors (6144K)
 Metaspace       used 46240K, capacity 47426K, committed 47696K, reserved 1091584K
  class space    used 5638K, capacity 6092K, committed 6144K, reserved 1048576K
}
Event: 18.662 GC heap before
{Heap before GC invocations=12 (full 0):
 garbage-first heap   total 131072K, used 88724K [0x0000000081e00000, 0x0000000100000000)
  region size 1024K, 76 young (77824K), 6 survivors (6144K)
 Metaspace       used 58154K, capacity 59442K, committed 59600K, reserved 1101824K
  class space    used 7288K, capacity 7788K, committed 7808K, reserved 1048576K
}
Event: 18.673 GC heap after
{Heap after GC invocations=13 (full 0):
 garbage-first heap   total 131072K, used 21412K [0x0000000081e00000, 0x0000000100000000)
  region size 1024K, 7 young (7168K), 7 survivors (7168K)
 Metaspace       used 58154K, capacity 59442K, committed 59600K, reserved 1101824K
  class space    used 7288K, capacity 7788K, committed 7808K, reserved 1048576K
}
Event: 18.765 GC heap before
{Heap before GC invocations=13 (full 0):
 garbage-first heap   total 131072K, used 23460K [0x0000000081e00000, 0x0000000100000000)
  region size 1024K, 10 young (10240K), 7 survivors (7168K)
 Metaspace       used 58737K, capacity 60101K, committed 60240K, reserved 1101824K
  class space    used 7333K, capacity 7859K, committed 7936K, reserved 1048576K
}
Event: 18.776 GC heap after
{Heap after GC invocations=14 (full 0):
 garbage-first heap   total 131072K, used 22043K [0x0000000081e00000, 0x0000000100000000)
  region size 1024K, 4 young (4096K), 4 survivors (4096K)
 Metaspace       used 58737K, capacity 60101K, committed 60240K, reserved 1101824K
  class space    used 7333K, capacity 7859K, committed 7936K, reserved 1048576K
}

Deoptimization events (10 events):
Event: 18.534 Thread 0x000001ff2c2f4000 Uncommon trap: reason=unstable_if action=reinterpret pc=0x000001ff1c64e5ec method=org.springframework.beans.factory.support.AbstractAutowireCapableBeanFactory.determineTargetType(Ljava/lang/String;Lorg/springframework/beans/factory/support/RootBeanDefinit
Event: 18.558 Thread 0x000001ff2c2f4000 Uncommon trap: reason=unstable_if action=reinterpret pc=0x000001ff1c5ea214 method=org.springframework.asm.ClassReader.readUtf(II[C)Ljava/lang/String; @ 41 c2
Event: 18.558 Thread 0x000001ff2c2f4000 Uncommon trap: reason=unstable_if action=reinterpret pc=0x000001ff1c5a8518 method=java.lang.StringUTF16.compress([CII)[B @ 13 c2
Event: 18.580 Thread 0x000001ff2c2f4000 Uncommon trap: reason=unstable_if action=reinterpret pc=0x000001ff1c792870 method=java.util.ArrayDeque.addLast(Ljava/lang/Object;)V @ 42 c2
Event: 18.987 Thread 0x000001ff2c2f4000 Uncommon trap: reason=speculate_null_assert action=make_not_entrant pc=0x000001ff1c6b1838 method=org.springframework.util.ConcurrentReferenceHashMap$Segment.restructureIfNecessary(Z)V @ 41 c2
Event: 18.989 Thread 0x000001ff2c2f4000 Uncommon trap: reason=speculate_null_assert action=make_not_entrant pc=0x000001ff1c5b45fc method=org.springframework.util.ConcurrentReferenceHashMap$Segment.restructureIfNecessary(Z)V @ 41 c2
Event: 19.294 Thread 0x000001ff2c2f4000 Uncommon trap: reason=unstable_if action=reinterpret pc=0x000001ff1c838434 method=org.springframework.core.annotation.TypeMappedAnnotations$MergedAnnotationFinder.doWithAnnotations(Ljava/lang/Object;ILjava/lang/Object;[Ljava/lang/annotation/Annotation;)Lo
Event: 19.298 Thread 0x000001ff2c2f4000 Uncommon trap: reason=unstable_if action=reinterpret pc=0x000001ff1c778d6c method=java.util.ArrayDeque.addLast(Ljava/lang/Object;)V @ 42 c2
Event: 19.555 Thread 0x000001ff2c2f4000 Uncommon trap: reason=unstable_if action=reinterpret pc=0x000001ff1c605f08 method=org.springframework.util.ObjectUtils.nullSafeEquals(Ljava/lang/Object;Ljava/lang/Object;)Z @ 12 c2
Event: 19.855 Thread 0x000001ff2c2f4000 Uncommon trap: reason=class_check action=maybe_recompile pc=0x000001ff1c7cafd4 method=java.lang.reflect.Method.equals(Ljava/lang/Object;)Z @ 5 c2

Classes redefined (0 events):
No events

Internal exceptions (10 events):
Event: 19.192 Thread 0x000001ff2c2f4000 Exception <a 'java/lang/IncompatibleClassChangeError'{0x00000000892f1e70}: Found class java.lang.Object, but interface was expected> (0x00000000892f1e70) thrown at [./open/src/hotspot/share/interpreter/linkResolver.cpp, line 838]
Event: 19.413 Thread 0x000001ff2c2f4000 Exception <a 'java/lang/ClassNotFoundException'{0x0000000088200400}: java/lang/ObjectCustomizer> (0x0000000088200400) thrown at [./open/src/hotspot/share/classfile/systemDictionary.cpp, line 228]
Event: 19.414 Thread 0x000001ff2c2f4000 Exception <a 'java/lang/ClassNotFoundException'{0x00000000882157d8}: org/springframework/security/config/annotation/web/configuration/WebSecurityConfigurationCustomizer> (0x00000000882157d8) thrown at [./open/src/hotspot/share/classfile/systemDictionary.c
Event: 19.415 Thread 0x000001ff2c2f4000 Exception <a 'java/lang/ClassNotFoundException'{0x000000008822da88}: org/springframework/context/annotation/ImportAwareCustomizer> (0x000000008822da88) thrown at [./open/src/hotspot/share/classfile/systemDictionary.cpp, line 228]
Event: 19.415 Thread 0x000001ff2c2f4000 Exception <a 'java/lang/ClassNotFoundException'{0x000000008823ab08}: org/springframework/beans/factory/AwareCustomizer> (0x000000008823ab08) thrown at [./open/src/hotspot/share/classfile/systemDictionary.cpp, line 228]
Event: 19.416 Thread 0x000001ff2c2f4000 Exception <a 'java/lang/ClassNotFoundException'{0x0000000088248888}: org/springframework/beans/factory/BeanClassLoaderAwareCustomizer> (0x0000000088248888) thrown at [./open/src/hotspot/share/classfile/systemDictionary.cpp, line 228]
Event: 19.416 Thread 0x000001ff2c2f4000 Exception <a 'java/lang/ClassNotFoundException'{0x0000000088255918}: org/springframework/beans/factory/AwareCustomizer> (0x0000000088255918) thrown at [./open/src/hotspot/share/classfile/systemDictionary.cpp, line 228]
Event: 19.555 Thread 0x000001ff2c2f4000 Implicit null exception at 0x000001ff1c605e3d to 0x000001ff1c605ef6
Event: 19.830 Thread 0x000001ff2c2f4000 Exception <a 'java/lang/ClassNotFoundException'{0x0000000087688b70}: java/lang/ObjectCustomizer> (0x0000000087688b70) thrown at [./open/src/hotspot/share/classfile/systemDictionary.cpp, line 228]
Event: 19.831 Thread 0x000001ff2c2f4000 Exception <a 'java/lang/ClassNotFoundException'{0x000000008769dd08}: org/springframework/security/config/annotation/web/configuration/HttpSecurityConfigurationCustomizer> (0x000000008769dd08) thrown at [./open/src/hotspot/share/classfile/systemDictionary.

Events (10 events):
Event: 20.089 loading class org/springframework/core/ReactiveAdapterRegistry$ReactorJdkFlowAdapterRegistrar
Event: 20.089 loading class org/springframework/core/ReactiveAdapterRegistry$ReactorJdkFlowAdapterRegistrar done
Event: 20.090 loading class java/util/concurrent/Flow/Publisher
Event: 20.090 loading class java/util/concurrent/Flow/Publisher done
Event: 20.091 loading class reactor/adapter/JdkFlowAdapter
Event: 20.091 loading class reactor/adapter/JdkFlowAdapter done
Event: 20.203 loading class reactor/adapter$JdkFlowAdapter
Event: 20.203 loading class reactor/adapter$JdkFlowAdapter done
Event: 20.207 loading class org/springframework/web/bind/support/DefaultSessionAttributeStore
Event: 20.207 loading class org/springframework/web/bind/support/DefaultSessionAttributeStore done


Dynamic libraries:
0x00007ff6c5fb0000 - 0x00007ff6c5fbf000 	C:\Program Files\Java\jdk-11.0.10\bin\java.exe
0x00007fffa35f0000 - 0x00007fffa37e5000 	C:\Windows\SYSTEM32\ntdll.dll
0x00007fffa1b70000 - 0x00007fffa1c2d000 	C:\Windows\System32\KERNEL32.DLL
0x00007fffa11a0000 - 0x00007fffa1468000 	C:\Windows\System32\KERNELBASE.dll
0x00007fffa1550000 - 0x00007fffa1650000 	C:\Windows\System32\ucrtbase.dll
0x00007fff986b0000 - 0x00007fff986c8000 	C:\Program Files\Java\jdk-11.0.10\bin\jli.dll
0x00007fffa2420000 - 0x00007fffa24cc000 	C:\Windows\System32\ADVAPI32.dll
0x00007fffa2380000 - 0x00007fffa241e000 	C:\Windows\System32\msvcrt.dll
0x00007fffa2dc0000 - 0x00007fffa2e5b000 	C:\Windows\System32\sechost.dll
0x00007fffa2800000 - 0x00007fffa292b000 	C:\Windows\System32\RPCRT4.dll
0x00007fffa2530000 - 0x00007fffa26d0000 	C:\Windows\System32\USER32.dll
0x00007fffa0f60000 - 0x00007fffa0f82000 	C:\Windows\System32\win32u.dll
0x00007fffa22d0000 - 0x00007fffa22fa000 	C:\Windows\System32\GDI32.dll
0x00007fffa0ff0000 - 0x00007fffa10fb000 	C:\Windows\System32\gdi32full.dll
0x00007fffa1100000 - 0x00007fffa119d000 	C:\Windows\System32\msvcp_win.dll
0x00007fff88fa0000 - 0x00007fff8923a000 	C:\Windows\WinSxS\amd64_microsoft.windows.common-controls_6595b64144ccf1df_6.0.19041.844_none_ca00b6081b84eb1d\COMCTL32.dll
0x00007fff9b3a0000 - 0x00007fff9b3aa000 	C:\Windows\SYSTEM32\VERSION.dll
0x00007fff83f80000 - 0x00007fff83f95000 	C:\Program Files\Java\jdk-11.0.10\bin\VCRUNTIME140.dll
0x00007fffa16c0000 - 0x00007fffa16f0000 	C:\Windows\System32\IMM32.DLL
0x00007fff66df0000 - 0x00007fff66e8b000 	C:\Program Files\Java\jdk-11.0.10\bin\msvcp140.dll
0x00007fff617f0000 - 0x00007fff622eb000 	C:\Program Files\Java\jdk-11.0.10\bin\server\jvm.dll
0x00007fffa2da0000 - 0x00007fffa2da8000 	C:\Windows\System32\PSAPI.DLL
0x00007fff82ce0000 - 0x00007fff82ce9000 	C:\Windows\SYSTEM32\WSOCK32.dll
0x00007fffa1650000 - 0x00007fffa16bb000 	C:\Windows\System32\WS2_32.dll
0x00007fff898a0000 - 0x00007fff898c7000 	C:\Windows\SYSTEM32\WINMM.dll
0x00007fff9ec70000 - 0x00007fff9ec82000 	C:\Windows\SYSTEM32\kernel.appcore.dll
0x00007fff99460000 - 0x00007fff99470000 	C:\Program Files\Java\jdk-11.0.10\bin\verify.dll
0x00007fff99c60000 - 0x00007fff99e44000 	C:\Windows\SYSTEM32\DBGHELP.DLL
0x00007fff99290000 - 0x00007fff992bc000 	C:\Windows\SYSTEM32\dbgcore.DLL
0x00007fffa0ee0000 - 0x00007fffa0f60000 	C:\Windows\System32\bcryptPrimitives.dll
0x00007fff81f10000 - 0x00007fff81f38000 	C:\Program Files\Java\jdk-11.0.10\bin\java.dll
0x00007fff98830000 - 0x00007fff9883a000 	C:\Program Files\Java\jdk-11.0.10\bin\jimage.dll
0x00007fff97f10000 - 0x00007fff97f1e000 	C:\Program Files\Java\jdk-11.0.10\bin\instrument.dll
0x00007fff81ef0000 - 0x00007fff81f06000 	C:\Program Files\Java\jdk-11.0.10\bin\zip.dll
0x00007fffa2e60000 - 0x00007fffa35a2000 	C:\Windows\System32\SHELL32.dll
0x00007fff9ee70000 - 0x00007fff9f601000 	C:\Windows\SYSTEM32\windows.storage.dll
0x00007fffa16f0000 - 0x00007fffa1a45000 	C:\Windows\System32\combase.dll
0x00007fffa0730000 - 0x00007fffa075c000 	C:\Windows\SYSTEM32\Wldp.dll
0x00007fffa2150000 - 0x00007fffa21fe000 	C:\Windows\System32\SHCORE.dll
0x00007fffa1f40000 - 0x00007fffa1f95000 	C:\Windows\System32\shlwapi.dll
0x00007fffa0c70000 - 0x00007fffa0c8f000 	C:\Windows\SYSTEM32\profapi.dll
0x00007fff81ed0000 - 0x00007fff81ee9000 	C:\Program Files\Java\jdk-11.0.10\bin\net.dll
0x00007fff97430000 - 0x00007fff9753b000 	C:\Windows\SYSTEM32\WINHTTP.dll
0x00007fffa0440000 - 0x00007fffa04aa000 	C:\Windows\system32\mswsock.dll
0x00007fff750e0000 - 0x00007fff750f2000 	C:\Program Files\Java\jdk-11.0.10\bin\nio.dll
0x00007fff75030000 - 0x00007fff7504a000 	C:\Program Files\JetBrains\IntelliJ IDEA Community Edition 2020.3.3\bin\breakgen64.dll
0x00007fff83c70000 - 0x00007fff83c79000 	C:\Program Files\Java\jdk-11.0.10\bin\management.dll
0x00007fff82cf0000 - 0x00007fff82cfb000 	C:\Program Files\Java\jdk-11.0.10\bin\management_ext.dll
0x00007fff9ab30000 - 0x00007fff9ab47000 	C:\Windows\system32\napinsp.dll
0x00007fff9b460000 - 0x00007fff9b47b000 	C:\Windows\system32\pnrpnsp.dll
0x00007fff9bdb0000 - 0x00007fff9bdc5000 	C:\Windows\system32\wshbth.dll
0x00007fff9a860000 - 0x00007fff9a87d000 	C:\Windows\system32\NLAapi.dll
0x00007fffa0130000 - 0x00007fffa016b000 	C:\Windows\SYSTEM32\IPHLPAPI.DLL
0x00007fffa0170000 - 0x00007fffa023c000 	C:\Windows\SYSTEM32\DNSAPI.dll
0x00007fffa2db0000 - 0x00007fffa2db8000 	C:\Windows\System32\NSI.dll
0x00007fff9b480000 - 0x00007fff9b492000 	C:\Windows\System32\winrnr.dll
0x00007fff98950000 - 0x00007fff9895a000 	C:\Windows\System32\rasadhlp.dll
0x00007fff97190000 - 0x00007fff9720f000 	C:\Windows\System32\fwpuclnt.dll
0x00007fffa1520000 - 0x00007fffa1547000 	C:\Windows\System32\bcrypt.dll
0x00007fffa0610000 - 0x00007fffa0628000 	C:\Windows\SYSTEM32\CRYPTSP.dll
0x00007fff9fde0000 - 0x00007fff9fe14000 	C:\Windows\system32\rsaenh.dll
0x00007fffa0c30000 - 0x00007fffa0c5e000 	C:\Windows\SYSTEM32\USERENV.dll
0x00007fffa0630000 - 0x00007fffa063c000 	C:\Windows\SYSTEM32\CRYPTBASE.dll
0x00007fff99440000 - 0x00007fff99457000 	C:\Windows\SYSTEM32\dhcpcsvc6.DLL
0x00007fff99270000 - 0x00007fff9928d000 	C:\Windows\SYSTEM32\dhcpcsvc.DLL

dbghelp: loaded successfully - version: 4.0.5 - missing functions: none
symbol engine: initialized successfully - sym options: 0x614 - pdb path: .;C:\Program Files\Java\jdk-11.0.10\bin;C:\Windows\SYSTEM32;C:\Windows\WinSxS\amd64_microsoft.windows.common-controls_6595b64144ccf1df_6.0.19041.844_none_ca00b6081b84eb1d;C:\Program Files\Java\jdk-11.0.10\bin\server;C:\Program Files\JetBrains\IntelliJ IDEA Community Edition 2020.3.3\bin

VM Arguments:
jvm_args: -javaagent:C:\Program Files\JetBrains\IntelliJ IDEA Community Edition 2020.3.3\lib\idea_rt.jar=64234:C:\Program Files\JetBrains\IntelliJ IDEA Community Edition 2020.3.3\bin -Dfile.encoding=UTF-8 
java_command: br.application.inviteu.InviteuApplication
java_class_path (initial): C:\Workspace\InviteU\target\classes;C:\Users\Vitor\.m2\repository\org\springframework\boot\spring-boot-starter-data-jpa\2.4.4\spring-boot-starter-data-jpa-2.4.4.jar;C:\Users\Vitor\.m2\repository\org\springframework\boot\spring-boot-starter-aop\2.4.4\spring-boot-starter-aop-2.4.4.jar;C:\Users\Vitor\.m2\repository\org\aspectj\aspectjweaver\1.9.6\aspectjweaver-1.9.6.jar;C:\Users\Vitor\.m2\repository\org\springframework\boot\spring-boot-starter-jdbc\2.4.4\spring-boot-starter-jdbc-2.4.4.jar;C:\Users\Vitor\.m2\repository\com\zaxxer\HikariCP\3.4.5\HikariCP-3.4.5.jar;C:\Users\Vitor\.m2\repository\org\springframework\spring-jdbc\5.3.5\spring-jdbc-5.3.5.jar;C:\Users\Vitor\.m2\repository\jakarta\transaction\jakarta.transaction-api\1.3.3\jakarta.transaction-api-1.3.3.jar;C:\Users\Vitor\.m2\repository\jakarta\persistence\jakarta.persistence-api\2.2.3\jakarta.persistence-api-2.2.3.jar;C:\Users\Vitor\.m2\repository\org\hibernate\hibernate-core\5.4.29.Final\hibernate-core-5.4.29.Final.jar;C:\Users\Vitor\.m2\repository\org\jboss\logging\jboss-logging\3.4.1.Final\jboss-logging-3.4.1.Final.jar;C:\Users\Vitor\.m2\repository\org\javassist\javassist\3.27.0-GA\javassist-3.27.0-GA.jar;C:\Users\Vitor\.m2\repository\net\bytebuddy\byte-buddy\1.10.22\byte-buddy-1.10.22.jar;C:\Users\Vitor\.m2\repository\antlr\antlr\2.7.7\antlr-2.7.7.jar;C:\Users\Vitor\.m2\repository\org\jboss\jandex\2.2.3.Final\jandex-2.2.3.Final.jar;C:\Users\Vitor\.m2\repository\com\fasterxml\classmate\1.5.1\classmate-1.5.1.jar;C:\Users\Vitor\.m2\repository\org\dom4j\dom4j\2.1.3\dom4j-2.1.3.jar;C:\Users\Vitor\.m2\repository\org\hibernate\common\hibernate-commons-annotations\5.1.2.Final\hibernate-commons-annotations-5.1.2.Final.jar;C:\Users\Vitor\.m2\repository\org\glassfish\jaxb\jaxb-runtime\2.3.3\jaxb-runtime-2.3.3.jar;C:\Users\Vitor\.m2\repository\org\glassfish\jaxb\txw2\2.3.3\txw2-2.3.3.jar;C:\Users\Vitor\.m2\repository\com\sun\istack\istack-commons-runtime\3.0.11\istack-commons-runtime-3.0.11.j
Launcher Type: SUN_STANDARD

[Global flags]
     intx CICompilerCount                          = 3                                         {product} {ergonomic}
     uint ConcGCThreads                            = 1                                         {product} {ergonomic}
     uint G1ConcRefinementThreads                  = 4                                         {product} {ergonomic}
   size_t G1HeapRegionSize                         = 1048576                                   {product} {ergonomic}
    uintx GCDrainStackTargetSize                   = 64                                        {product} {ergonomic}
   size_t InitialHeapSize                          = 134217728                                 {product} {ergonomic}
   size_t MarkStackSize                            = 4194304                                   {product} {ergonomic}
   size_t MaxHeapSize                              = 2116026368                                {product} {ergonomic}
   size_t MaxNewSize                               = 1268776960                                {product} {ergonomic}
   size_t MinHeapDeltaBytes                        = 1048576                                   {product} {ergonomic}
    uintx NonNMethodCodeHeapSize                   = 5830732                                {pd product} {ergonomic}
    uintx NonProfiledCodeHeapSize                  = 122913754                              {pd product} {ergonomic}
    uintx ProfiledCodeHeapSize                     = 122913754                              {pd product} {ergonomic}
    uintx ReservedCodeCacheSize                    = 251658240                              {pd product} {ergonomic}
     bool SegmentedCodeCache                       = true                                      {product} {ergonomic}
     bool UseCompressedClassPointers               = true                                 {lp64_product} {ergonomic}
     bool UseCompressedOops                        = true                                 {lp64_product} {ergonomic}
     bool UseG1GC                                  = true                                      {product} {ergonomic}
     bool UseLargePagesIndividualAllocation        = false                                  {pd product} {ergonomic}

Logging:
Log output configuration:
 #0: stdout all=warning uptime,level,tags
 #1: stderr all=off uptime,level,tags

Environment Variables:
JAVA_HOME=C:\Program Files\Java\jdk-11.0.10
JRE_HOME=C:\Program Files\Java\jre1.8.0_281
PATH=C:\Program Files\Common Files\Oracle\Java\javapath;C:\Program Files (x86)\Common Files\Oracle\Java\javapath;C:\Windows\system32;C:\Windows;C:\Windows\System32\Wbem;C:\Windows\System32\WindowsPowerShell\v1.0\;C:\Windows\System32\OpenSSH\;C:\Program Files\Git\cmd;C:\Program Files\Java\jdk-11.0.10\bin;C:\Program Files\Azure Data Studio\bin;C:\Program Files\Microsoft SQL Server\Client SDK\ODBC\170\Tools\Binn\;C:\Program Files (x86)\Microsoft SQL Server\150\Tools\Binn\;C:\Program Files\Microsoft SQL Server\150\Tools\Binn\;C:\Program Files\Microsoft SQL Server\150\DTS\Binn\;C:\Program Files (x86)\Microsoft SQL Server\150\DTS\Binn\;C:\ProgramData\chocolatey\bin;C:\Program Files\nodejs\;C:\Program Files (x86)\Yarn\bin\;C:\Users\Vitor\AppData\Local\Programs\Python\Python39\Scripts\;C:\Users\Vitor\AppData\Local\Programs\Python\Python39\;C:\Users\Vitor\AppData\Local\Microsoft\WindowsApps;C:\Program Files\Azure Data Studio\bin;C:\Users\Vitor\AppData\Local\Programs\Microsoft VS Code\bin;C:\Users\Vitor\AppData\Local\GitHubDesktop\bin;C:\Users\Vitor\AppData\Roaming\npm;C:\Users\Vitor\AppData\Local\Yarn\bin
USERNAME=Vitor
OS=Windows_NT
PROCESSOR_IDENTIFIER=Intel64 Family 6 Model 142 Stepping 9, GenuineIntel



---------------  S Y S T E M  ---------------

OS: Windows 10 , 64 bit Build 19041 (10.0.19041.928)

CPU:total 4 (initial active 4) (2 cores per cpu, 2 threads per core) family 6 model 142 stepping 9 microcode 0xb4, cmov, cx8, fxsr, mmx, sse, sse2, sse3, ssse3, sse4.1, sse4.2, popcnt, avx, avx2, aes, clmul, erms, 3dnowpref, lzcnt, ht, tsc, tscinvbit, bmi1, bmi2, adx, fma

Memory: 4k page, system-wide physical 8067M (701M free)
TotalPageFile size 11091M (AvailPageFile size 1144M)
current process WorkingSet (physical memory assigned to process): 275M, peak: 281M
current process commit charge ("private bytes"): 336M, peak: 343M

vm_info: Java HotSpot(TM) 64-Bit Server VM (11.0.10+8-LTS-162) for windows-amd64 JRE (11.0.10+8-LTS-162), built on Dec  8 2020 16:32:57 by "mach5one" with MS VC++ 15.9 (VS2017)

END.
